<?xml version="1.0" encoding="UTF-8"?>
<!-- Generated by org.testng.reporters.JUnitReportReporter -->
<testsuite hostname="C02PK9CVFVH5" name="com.viacom.test.vimn.uitests.tests.tve.smokesuite.CheckLoginFromEpisodesLockedTest" tests="1" failures="1" timestamp="8 May 2018 15:29:37 GMT" time="96.479" errors="0">
  <testcase name="checkLoginFromEpisodesLockedAndroidTest" time="96.479" classname="com.viacom.test.vimn.uitests.tests.tve.smokesuite.CheckLoginFromEpisodesLockedTest">
    <failure type="java.lang.AssertionError" message="Element not visible after &#039;30&#039; scrolls down.">
      <![CDATA[java.lang.AssertionError: Element not visible after '30' scrolls down.
	at org.testng.Assert.fail(Assert.java:94)
	at com.viacom.test.vimn.common.util.Interact.waitForScrolledDownTo(Interact.java:224)
	at com.viacom.test.vimn.uitests.pageobjects.Series.scrollDownToEpisodeTtl(Series.java:273)
	at com.viacom.test.vimn.uitests.pageobjects.Series.tapEpisodeLockBtn(Series.java:296)
	at com.viacom.test.vimn.uitests.tests.tve.smokesuite.CheckLoginFromEpisodesLockedTest.checkLoginFromEpisodesLockedAndroidTest(CheckLoginFromEpisodesLockedTest.java:120)
	at sun.reflect.NativeMethodAccessorImpl.invoke0(Native Method)
	at sun.reflect.NativeMethodAccessorImpl.invoke(NativeMethodAccessorImpl.java:62)
	at sun.reflect.DelegatingMethodAccessorImpl.invoke(DelegatingMethodAccessorImpl.java:43)
	at java.lang.reflect.Method.invoke(Method.java:498)
	at org.testng.internal.MethodInvocationHelper.invokeMethod(MethodInvocationHelper.java:86)
	at org.testng.internal.Invoker.invokeMethod(Invoker.java:643)
	at org.testng.internal.Invoker.invokeTestMethod(Invoker.java:820)
	at org.testng.internal.Invoker.invokeTestMethods(Invoker.java:1128)
	at org.testng.internal.TestMethodWorker.invokeTestMethods(TestMethodWorker.java:129)
	at org.testng.internal.TestMethodWorker.run(TestMethodWorker.java:112)
	at java.util.concurrent.ThreadPoolExecutor.runWorker(ThreadPoolExecutor.java:1142)
	at java.util.concurrent.ThreadPoolExecutor$Worker.run(ThreadPoolExecutor.java:617)
	at java.lang.Thread.run(Thread.java:745)
]]>
    </failure>
  </testcase> <!-- checkLoginFromEpisodesLockedAndroidTest -->
</testsuite> <!-- com.viacom.test.vimn.uitests.tests.tve.smokesuite.CheckLoginFromEpisodesLockedTest -->
